<?xml version="1.0" encoding="UTF-8"?>
<coverage generated="1739942422200" clover="3.2.0">
  <project timestamp="1739942422201" name="All files">
    <metrics statements="44" coveredstatements="20" conditionals="18" coveredconditionals="4" methods="16" coveredmethods="5" elements="78" coveredelements="29" complexity="0" loc="44" ncloc="44" packages="1" files="2" classes="2"/>
    <file name="Card.js" path="D:\a\Briscas\semester-project-briscas\models\Card.js">
      <metrics statements="19" coveredstatements="10" conditionals="14" coveredconditionals="4" methods="3" coveredmethods="1"/>
      <line num="3" count="1640" type="stmt"/>
      <line num="4" count="1640" type="stmt"/>
      <line num="7" count="1640" type="cond" truecount="4" falsecount="0"/>
      <line num="8" count="1600" type="stmt"/>
      <line num="9" count="1600" type="stmt"/>
      <line num="10" count="1600" type="stmt"/>
      <line num="13" count="1640" type="stmt"/>
      <line num="14" count="1640" type="stmt"/>
      <line num="15" count="1640" type="stmt"/>
      <line num="20" count="0" type="stmt"/>
      <line num="22" count="0" type="stmt"/>
      <line num="27" count="0" type="cond" truecount="0" falsecount="4"/>
      <line num="28" count="0" type="stmt"/>
      <line num="32" count="0" type="cond" truecount="0" falsecount="4"/>
      <line num="33" count="0" type="stmt"/>
      <line num="37" count="0" type="cond" truecount="0" falsecount="2"/>
      <line num="38" count="0" type="stmt"/>
      <line num="42" count="0" type="stmt"/>
      <line num="47" count="1" type="stmt"/>
    </file>
    <file name="Deck.js" path="D:\a\Briscas\semester-project-briscas\models\Deck.js">
      <metrics statements="25" coveredstatements="10" conditionals="4" coveredconditionals="0" methods="13" coveredmethods="4"/>
      <line num="1" count="1" type="stmt"/>
      <line num="5" count="1" type="stmt"/>
      <line num="6" count="1" type="stmt"/>
      <line num="7" count="1" type="stmt"/>
      <line num="8" count="1" type="stmt"/>
      <line num="13" count="0" type="stmt"/>
      <line num="18" count="0" type="stmt"/>
      <line num="23" count="0" type="stmt"/>
      <line num="28" count="0" type="stmt"/>
      <line num="33" count="0" type="cond" truecount="0" falsecount="2"/>
      <line num="34" count="0" type="stmt"/>
      <line num="35" count="0" type="stmt"/>
      <line num="37" count="0" type="stmt"/>
      <line num="44" count="1" type="stmt"/>
      <line num="45" count="1" type="stmt"/>
      <line num="47" count="1" type="stmt"/>
      <line num="48" count="40" type="stmt"/>
      <line num="54" count="0" type="stmt"/>
      <line num="55" count="0" type="stmt"/>
      <line num="56" count="0" type="stmt"/>
      <line num="62" count="0" type="cond" truecount="0" falsecount="2"/>
      <line num="63" count="0" type="stmt"/>
      <line num="65" count="0" type="stmt"/>
      <line num="70" count="0" type="stmt"/>
      <line num="74" count="1" type="stmt"/>
    </file>
  </project>
</coverage>
