TN:
SF:models\Card.js
FN:2,(anonymous_0)
FN:19,(anonymous_1)
FN:25,(anonymous_2)
FNF:3
FNH:1
FNDA:1640,(anonymous_0)
FNDA:0,(anonymous_1)
FNDA:0,(anonymous_2)
DA:3,1640
DA:4,1640
DA:7,1640
DA:8,1600
DA:9,1600
DA:10,1600
DA:13,1640
DA:14,1640
DA:15,1640
DA:20,0
DA:22,0
DA:27,0
DA:28,0
DA:32,0
DA:33,0
DA:37,0
DA:38,0
DA:42,0
DA:47,1
LF:19
LH:10
BRDA:7,0,0,1600
BRDA:7,0,1,40
BRDA:7,1,0,1640
BRDA:7,1,1,40
BRDA:27,2,0,0
BRDA:27,2,1,0
BRDA:27,3,0,0
BRDA:27,3,1,0
BRDA:32,4,0,0
BRDA:32,4,1,0
BRDA:32,5,0,0
BRDA:32,5,1,0
BRDA:37,6,0,0
BRDA:37,6,1,0
BRF:14
BRH:4
end_of_record
TN:
SF:models\Deck.js
FN:4,(anonymous_0)
FN:12,(anonymous_1)
FN:17,(anonymous_2)
FN:22,(anonymous_3)
FN:27,(anonymous_4)
FN:32,(anonymous_5)
FN:43,(anonymous_6)
FN:47,(anonymous_7)
FN:48,(anonymous_8)
FN:53,(anonymous_9)
FN:61,(anonymous_10)
FN:69,(anonymous_11)
FN:70,(anonymous_12)
FNF:13
FNH:4
FNDA:1,(anonymous_0)
FNDA:0,(anonymous_1)
FNDA:0,(anonymous_2)
FNDA:0,(anonymous_3)
FNDA:0,(anonymous_4)
FNDA:0,(anonymous_5)
FNDA:1,(anonymous_6)
FNDA:4,(anonymous_7)
FNDA:40,(anonymous_8)
FNDA:0,(anonymous_9)
FNDA:0,(anonymous_10)
FNDA:0,(anonymous_11)
FNDA:0,(anonymous_12)
DA:1,1
DA:5,1
DA:6,1
DA:7,1
DA:8,1
DA:13,0
DA:18,0
DA:23,0
DA:28,0
DA:33,0
DA:34,0
DA:35,0
DA:37,0
DA:44,1
DA:45,1
DA:47,1
DA:48,40
DA:54,0
DA:55,0
DA:56,0
DA:62,0
DA:63,0
DA:65,0
DA:70,0
DA:74,1
LF:25
LH:10
BRDA:33,0,0,0
BRDA:33,0,1,0
BRDA:62,1,0,0
BRDA:62,1,1,0
BRF:4
BRH:0
end_of_record
